app/build/intermediates/manifest_merge_blame_file/debug/manifest-merger-blame-debug-report.txt
1<?xml version="1.0" encoding="utf-8"?>
2<manifest xmlns:android="http://schemas.android.com/apk/res/android"
3    package="com.example.abc.fitforce1"
4    android:versionCode="1"
5    android:versionName="1.0" >
6
7    <uses-sdk
8        android:minSdkVersion="21"
8-->src\main\AndroidManifest.xml
9        android:targetSdkVersion="28" />
9-->src\main\AndroidManifest.xml
10
11    <uses-feature
11-->src\main\AndroidManifest.xml:6:5-7:35
12        android:name="android.hardware.camera"
12-->src\main\AndroidManifest.xml:6:19-57
13        android:required="true" />
13-->src\main\AndroidManifest.xml:7:9-32
14
15    <uses-permission android:name="android.permission.WRITE_EXTERNAL_STORAGE" />
15-->src\main\AndroidManifest.xml:8:5-81
15-->src\main\AndroidManifest.xml:8:22-78
16
17    <!-- Although the *SdkVersion is captured in gradle build files, this is required for non gradle builds -->
18    <!-- <uses-sdk android:minSdkVersion="14"/> -->
19    <uses-permission android:name="android.permission.ACCESS_NETWORK_STATE" />
19-->[com.google.firebase:firebase-database:16.1.0] AndroidManifest.xml:25:5-79
19-->[com.google.firebase:firebase-database:16.1.0] AndroidManifest.xml:25:22-76
20    <uses-permission android:name="android.permission.INTERNET" />
20-->[com.google.firebase:firebase-database:16.1.0] AndroidManifest.xml:26:5-67
20-->[com.google.firebase:firebase-database:16.1.0] AndroidManifest.xml:26:22-64
21    <uses-permission android:name="android.permission.WAKE_LOCK" /> <!-- Required by older versions of Google Play services to create IID tokens -->
21-->[com.google.android.gms:play-services-measurement-api:16.4.0] AndroidManifest.xml:24:5-68
21-->[com.google.android.gms:play-services-measurement-api:16.4.0] AndroidManifest.xml:24:22-65
22    <uses-permission android:name="com.google.android.c2dm.permission.RECEIVE" />
22-->[com.google.firebase:firebase-iid:17.0.4] AndroidManifest.xml:26:5-82
22-->[com.google.firebase:firebase-iid:17.0.4] AndroidManifest.xml:26:22-79
23    <uses-permission android:name="com.google.android.finsky.permission.BIND_GET_INSTALL_REFERRER_SERVICE" />
23-->[com.google.android.gms:play-services-measurement:16.4.0] AndroidManifest.xml:26:5-110
23-->[com.google.android.gms:play-services-measurement:16.4.0] AndroidManifest.xml:26:22-107
24
25    <application
25-->src\main\AndroidManifest.xml:10:5-71:19
26        android:allowBackup="true"
26-->src\main\AndroidManifest.xml:11:9-35
27        android:appComponentFactory="android.support.v4.app.CoreComponentFactory"
27-->[com.android.support:support-compat:28.0.0] AndroidManifest.xml:22:18-91
28        android:debuggable="true"
29        android:icon="@mipmap/ic_launcher"
29-->src\main\AndroidManifest.xml:12:9-43
30        android:label="@string/app_name"
30-->src\main\AndroidManifest.xml:13:9-41
31        android:roundIcon="@mipmap/ic_launcher_round"
31-->src\main\AndroidManifest.xml:14:9-54
32        android:supportsRtl="true"
32-->src\main\AndroidManifest.xml:15:9-35
33        android:testOnly="true"
34        android:theme="@style/AppTheme" >
34-->src\main\AndroidManifest.xml:16:9-40
35        <activity
35-->src\main\AndroidManifest.xml:19:9-20:59
36            android:name="com.example.abc.fitforce1.Profile"
36-->src\main\AndroidManifest.xml:19:19-42
37            android:theme="@style/AppTheme.NoActionBar" />
37-->src\main\AndroidManifest.xml:20:13-56
38        <activity android:name="com.example.abc.fitforce1.SupplementStore" />
38-->src\main\AndroidManifest.xml:21:9-53
38-->src\main\AndroidManifest.xml:21:19-50
39        <activity android:name="com.example.abc.fitforce1.ProgressActivity" />
39-->src\main\AndroidManifest.xml:22:9-54
39-->src\main\AndroidManifest.xml:22:19-51
40        <activity
40-->src\main\AndroidManifest.xml:23:9-24:58
41            android:name="com.example.abc.fitforce1.MyDiet"
41-->src\main\AndroidManifest.xml:23:19-41
42            android:theme="@style/AppTheme.NoActionBar" />
42-->src\main\AndroidManifest.xml:24:13-56
43        <activity android:name="com.example.abc.fitforce1.WeekDays" />
43-->src\main\AndroidManifest.xml:25:9-46
43-->src\main\AndroidManifest.xml:25:19-43
44        <activity android:name="com.example.abc.fitforce1.WorkOutDetail" />
44-->src\main\AndroidManifest.xml:26:9-51
44-->src\main\AndroidManifest.xml:26:19-48
45        <activity
45-->src\main\AndroidManifest.xml:28:9-33:59
46            android:name="com.example.abc.fitforce1.NavigationDrawer"
46-->src\main\AndroidManifest.xml:29:13-45
47            android:hardwareAccelerated="false"
47-->src\main\AndroidManifest.xml:30:13-48
48            android:label="@string/title_activity_navigation_drawer"
48-->src\main\AndroidManifest.xml:31:13-69
49            android:largeHeap="true"
49-->src\main\AndroidManifest.xml:32:13-37
50            android:theme="@style/AppTheme.NoActionBar" />
50-->src\main\AndroidManifest.xml:33:13-56
51        <activity
51-->src\main\AndroidManifest.xml:34:9-36:59
52            android:name="com.example.abc.fitforce1.StepCounter"
52-->src\main\AndroidManifest.xml:35:13-40
53            android:theme="@style/AppTheme.NoActionBar" />
53-->src\main\AndroidManifest.xml:36:13-56
54        <activity
54-->src\main\AndroidManifest.xml:37:9-39:59
55            android:name="com.example.abc.fitforce1.secondActivity"
55-->src\main\AndroidManifest.xml:38:13-43
56            android:theme="@style/AppTheme.NoActionBar" />
56-->src\main\AndroidManifest.xml:39:13-56
57        <activity android:name="com.example.abc.fitforce1.MainActivity" >
57-->src\main\AndroidManifest.xml:40:9-46:20
57-->src\main\AndroidManifest.xml:40:19-47
58            <intent-filter>
58-->src\main\AndroidManifest.xml:41:13-45:29
59                <action android:name="android.intent.action.MAIN" />
59-->src\main\AndroidManifest.xml:42:17-69
59-->src\main\AndroidManifest.xml:42:25-66
60
61                <category android:name="android.intent.category.LAUNCHER" />
61-->src\main\AndroidManifest.xml:44:17-77
61-->src\main\AndroidManifest.xml:44:27-74
62            </intent-filter>
63        </activity>
64        <activity android:name="com.example.abc.fitforce1.Loginactivity" />
64-->src\main\AndroidManifest.xml:47:9-51
64-->src\main\AndroidManifest.xml:47:19-48
65        <activity
65-->src\main\AndroidManifest.xml:48:9-51:40
66            android:name="com.example.abc.fitforce1.SignupActivity"
66-->src\main\AndroidManifest.xml:49:13-43
67            android:hardwareAccelerated="false"
67-->src\main\AndroidManifest.xml:50:13-48
68            android:largeHeap="true" />
68-->src\main\AndroidManifest.xml:51:13-37
69        <activity
69-->src\main\AndroidManifest.xml:52:9-54:72
70            android:name="com.example.abc.fitforce1.GoalActivity"
70-->src\main\AndroidManifest.xml:53:13-41
71            android:theme="@style/Theme.AppCompat.Light.NoActionBar" />
71-->src\main\AndroidManifest.xml:54:13-69
72        <activity
72-->src\main\AndroidManifest.xml:55:9-57:72
73            android:name="com.example.abc.fitforce1.WorkoutActivity"
73-->src\main\AndroidManifest.xml:56:13-44
74            android:theme="@style/Theme.AppCompat.Light.NoActionBar" />
74-->src\main\AndroidManifest.xml:57:13-69
75        <activity
75-->src\main\AndroidManifest.xml:58:9-60:72
76            android:name="com.example.abc.fitforce1.DashBoard"
76-->src\main\AndroidManifest.xml:59:13-38
77            android:theme="@style/Theme.AppCompat.Light.NoActionBar" />
77-->src\main\AndroidManifest.xml:60:13-69
78        <activity
78-->src\main\AndroidManifest.xml:61:9-63:59
79            android:name="com.example.abc.fitforce1.BMR"
79-->src\main\AndroidManifest.xml:62:13-32
80            android:theme="@style/AppTheme.NoActionBar" />
80-->src\main\AndroidManifest.xml:63:13-56
81
82        <service android:name="com.example.abc.fitforce1.Firebase.MyFirebaseMessagingService" >
82-->src\main\AndroidManifest.xml:65:9-69:19
82-->src\main\AndroidManifest.xml:65:18-69
83            <intent-filter>
83-->src\main\AndroidManifest.xml:66:13-68:29
84                <action android:name="com.google.firebase.MESSAGING_EVENT" />
84-->src\main\AndroidManifest.xml:67:17-78
84-->src\main\AndroidManifest.xml:67:25-75
85            </intent-filter>
86        </service>
87
88        <activity
88-->[com.google.firebase:firebase-auth:16.2.1] AndroidManifest.xml:24:9-31:50
89            android:name="com.google.firebase.auth.internal.FederatedSignInActivity"
89-->[com.google.firebase:firebase-auth:16.2.1] AndroidManifest.xml:25:13-85
90            android:excludeFromRecents="true"
90-->[com.google.firebase:firebase-auth:16.2.1] AndroidManifest.xml:26:13-46
91            android:exported="true"
91-->[com.google.firebase:firebase-auth:16.2.1] AndroidManifest.xml:27:13-36
92            android:launchMode="singleTask"
92-->[com.google.firebase:firebase-auth:16.2.1] AndroidManifest.xml:28:13-44
93            android:permission="com.google.firebase.auth.api.gms.permission.LAUNCH_FEDERATED_SIGN_IN"
93-->[com.google.firebase:firebase-auth:16.2.1] AndroidManifest.xml:29:13-102
94            android:theme="@android:style/Theme.Translucent.NoTitleBar" />
94-->[com.google.firebase:firebase-auth:16.2.1] AndroidManifest.xml:30:13-72
95
96        <service
96-->[com.google.firebase:firebase-auth:16.2.1] AndroidManifest.xml:33:9-39:19
97            android:name="com.google.firebase.components.ComponentDiscoveryService"
97-->[com.google.firebase:firebase-auth:16.2.1] AndroidManifest.xml:34:13-84
98            android:exported="false" >
98-->[com.google.firebase:firebase-auth:16.2.1] AndroidManifest.xml:35:13-37
99            <meta-data
99-->[com.google.firebase:firebase-auth:16.2.1] AndroidManifest.xml:36:13-38:85
100                android:name="com.google.firebase.components:com.google.firebase.auth.FirebaseAuthRegistrar"
100-->[com.google.firebase:firebase-auth:16.2.1] AndroidManifest.xml:37:17-109
101                android:value="com.google.firebase.components.ComponentRegistrar" />
101-->[com.google.firebase:firebase-auth:16.2.1] AndroidManifest.xml:38:17-82
102            <meta-data
102-->[com.google.firebase:firebase-database:16.1.0] AndroidManifest.xml:30:13-32:85
103                android:name="com.google.firebase.components:com.google.firebase.database.DatabaseRegistrar"
103-->[com.google.firebase:firebase-database:16.1.0] AndroidManifest.xml:31:17-109
104                android:value="com.google.firebase.components.ComponentRegistrar" />
104-->[com.google.firebase:firebase-database:16.1.0] AndroidManifest.xml:32:17-82
105            <meta-data
105-->[com.google.firebase:firebase-firestore:18.2.0] AndroidManifest.xml:18:13-20:85
106                android:name="com.google.firebase.components:com.google.firebase.firestore.FirestoreRegistrar"
106-->[com.google.firebase:firebase-firestore:18.2.0] AndroidManifest.xml:19:17-111
107                android:value="com.google.firebase.components.ComponentRegistrar" />
107-->[com.google.firebase:firebase-firestore:18.2.0] AndroidManifest.xml:20:17-82
108            <meta-data
108-->[com.google.android.gms:play-services-measurement-api:16.4.0] AndroidManifest.xml:30:13-32:85
109                android:name="com.google.firebase.components:com.google.firebase.analytics.connector.internal.AnalyticsConnectorRegistrar"
109-->[com.google.android.gms:play-services-measurement-api:16.4.0] AndroidManifest.xml:31:17-139
110                android:value="com.google.firebase.components.ComponentRegistrar" />
110-->[com.google.android.gms:play-services-measurement-api:16.4.0] AndroidManifest.xml:32:17-82
111            <meta-data
111-->[com.google.firebase:firebase-iid:17.0.4] AndroidManifest.xml:32:13-34:85
112                android:name="com.google.firebase.components:com.google.firebase.iid.Registrar"
112-->[com.google.firebase:firebase-iid:17.0.4] AndroidManifest.xml:33:17-96
113                android:value="com.google.firebase.components.ComponentRegistrar" />
113-->[com.google.firebase:firebase-iid:17.0.4] AndroidManifest.xml:34:17-82
114        </service>
115
116        <activity
116-->[com.google.android.gms:play-services-auth:16.0.1] AndroidManifest.xml:23:9-27:75
117            android:name="com.google.android.gms.auth.api.signin.internal.SignInHubActivity"
117-->[com.google.android.gms:play-services-auth:16.0.1] AndroidManifest.xml:24:13-93
118            android:excludeFromRecents="true"
118-->[com.google.android.gms:play-services-auth:16.0.1] AndroidManifest.xml:25:13-46
119            android:exported="false"
119-->[com.google.android.gms:play-services-auth:16.0.1] AndroidManifest.xml:26:13-37
120            android:theme="@android:style/Theme.Translucent.NoTitleBar" />
120-->[com.google.android.gms:play-services-auth:16.0.1] AndroidManifest.xml:27:13-72
121        <!--
122            Service handling Google Sign-In user revocation. For apps that do not integrate with
123            Google Sign-In, this service will never be started.
124        -->
125        <service
125-->[com.google.android.gms:play-services-auth:16.0.1] AndroidManifest.xml:33:9-36:110
126            android:name="com.google.android.gms.auth.api.signin.RevocationBoundService"
126-->[com.google.android.gms:play-services-auth:16.0.1] AndroidManifest.xml:34:13-89
127            android:exported="true"
127-->[com.google.android.gms:play-services-auth:16.0.1] AndroidManifest.xml:35:13-36
128            android:permission="com.google.android.gms.auth.api.signin.permission.REVOCATION_NOTIFICATION" />
128-->[com.google.android.gms:play-services-auth:16.0.1] AndroidManifest.xml:36:13-107
129        <!--
130             FirebaseMessagingService performs security checks at runtime,
131             no need for explicit permissions despite exported="true"
132        -->
133        <service
133-->[com.google.firebase:firebase-messaging:17.3.4] AndroidManifest.xml:28:9-34:19
134            android:name="com.google.firebase.messaging.FirebaseMessagingService"
134-->[com.google.firebase:firebase-messaging:17.3.4] AndroidManifest.xml:29:13-82
135            android:exported="true" >
135-->[com.google.firebase:firebase-messaging:17.3.4] AndroidManifest.xml:30:13-36
136            <intent-filter android:priority="-500" >
136-->src\main\AndroidManifest.xml:66:13-68:29
137                <action android:name="com.google.firebase.MESSAGING_EVENT" />
137-->src\main\AndroidManifest.xml:67:17-78
137-->src\main\AndroidManifest.xml:67:25-75
138            </intent-filter>
139        </service>
140
141        <receiver
141-->[com.google.firebase:firebase-iid:17.0.4] AndroidManifest.xml:37:9-44:20
142            android:name="com.google.firebase.iid.FirebaseInstanceIdReceiver"
142-->[com.google.firebase:firebase-iid:17.0.4] AndroidManifest.xml:38:13-78
143            android:exported="true"
143-->[com.google.firebase:firebase-iid:17.0.4] AndroidManifest.xml:39:13-36
144            android:permission="com.google.android.c2dm.permission.SEND" >
144-->[com.google.firebase:firebase-iid:17.0.4] AndroidManifest.xml:40:13-73
145            <intent-filter>
145-->[com.google.firebase:firebase-iid:17.0.4] AndroidManifest.xml:41:13-43:29
146                <action android:name="com.google.android.c2dm.intent.RECEIVE" />
146-->[com.google.firebase:firebase-iid:17.0.4] AndroidManifest.xml:42:17-81
146-->[com.google.firebase:firebase-iid:17.0.4] AndroidManifest.xml:42:25-78
147            </intent-filter>
148        </receiver>
149        <!--
150             FirebaseInstanceIdService performs security checks at runtime,
151             no need for explicit permissions despite exported="true"
152        -->
153        <service
153-->[com.google.firebase:firebase-iid:17.0.4] AndroidManifest.xml:50:9-56:19
154            android:name="com.google.firebase.iid.FirebaseInstanceIdService"
154-->[com.google.firebase:firebase-iid:17.0.4] AndroidManifest.xml:51:13-77
155            android:exported="true" >
155-->[com.google.firebase:firebase-iid:17.0.4] AndroidManifest.xml:52:13-36
156            <intent-filter android:priority="-500" >
156-->[com.google.firebase:firebase-iid:17.0.4] AndroidManifest.xml:53:13-55:29
156-->[com.google.firebase:firebase-iid:17.0.4] AndroidManifest.xml:53:28-51
157                <action android:name="com.google.firebase.INSTANCE_ID_EVENT" />
157-->[com.google.firebase:firebase-iid:17.0.4] AndroidManifest.xml:54:17-80
157-->[com.google.firebase:firebase-iid:17.0.4] AndroidManifest.xml:54:25-77
158            </intent-filter>
159        </service>
160
161        <activity
161-->[com.google.android.gms:play-services-base:16.0.1] AndroidManifest.xml:23:9-26:75
162            android:name="com.google.android.gms.common.api.GoogleApiActivity"
162-->[com.google.android.gms:play-services-base:16.0.1] AndroidManifest.xml:24:13-79
163            android:exported="false"
163-->[com.google.android.gms:play-services-base:16.0.1] AndroidManifest.xml:25:13-37
164            android:theme="@android:style/Theme.Translucent.NoTitleBar" />
164-->[com.google.android.gms:play-services-base:16.0.1] AndroidManifest.xml:26:13-72
165
166        <provider
166-->[com.google.firebase:firebase-common:16.1.0] AndroidManifest.xml:12:9-16:39
167            android:name="com.google.firebase.provider.FirebaseInitProvider"
167-->[com.google.firebase:firebase-common:16.1.0] AndroidManifest.xml:13:13-77
168            android:authorities="com.example.abc.fitforce1.firebaseinitprovider"
168-->[com.google.firebase:firebase-common:16.1.0] AndroidManifest.xml:14:13-72
169            android:exported="false"
169-->[com.google.firebase:firebase-common:16.1.0] AndroidManifest.xml:15:13-37
170            android:initOrder="100" />
170-->[com.google.firebase:firebase-common:16.1.0] AndroidManifest.xml:16:13-36
171
172        <receiver
172-->[com.google.android.gms:play-services-measurement:16.4.0] AndroidManifest.xml:29:9-33:20
173            android:name="com.google.android.gms.measurement.AppMeasurementReceiver"
173-->[com.google.android.gms:play-services-measurement:16.4.0] AndroidManifest.xml:30:13-85
174            android:enabled="true"
174-->[com.google.android.gms:play-services-measurement:16.4.0] AndroidManifest.xml:31:13-35
175            android:exported="false" >
175-->[com.google.android.gms:play-services-measurement:16.4.0] AndroidManifest.xml:32:13-37
176        </receiver>
177        <receiver
177-->[com.google.android.gms:play-services-measurement:16.4.0] AndroidManifest.xml:34:9-42:20
178            android:name="com.google.android.gms.measurement.AppMeasurementInstallReferrerReceiver"
178-->[com.google.android.gms:play-services-measurement:16.4.0] AndroidManifest.xml:35:13-100
179            android:enabled="true"
179-->[com.google.android.gms:play-services-measurement:16.4.0] AndroidManifest.xml:36:13-35
180            android:exported="true"
180-->[com.google.android.gms:play-services-measurement:16.4.0] AndroidManifest.xml:37:13-36
181            android:permission="android.permission.INSTALL_PACKAGES" >
181-->[com.google.android.gms:play-services-measurement:16.4.0] AndroidManifest.xml:38:13-69
182            <intent-filter>
182-->[com.google.android.gms:play-services-measurement:16.4.0] AndroidManifest.xml:39:13-41:29
183                <action android:name="com.android.vending.INSTALL_REFERRER" />
183-->[com.google.android.gms:play-services-measurement:16.4.0] AndroidManifest.xml:40:17-79
183-->[com.google.android.gms:play-services-measurement:16.4.0] AndroidManifest.xml:40:25-76
184            </intent-filter>
185        </receiver>
186
187        <service
187-->[com.google.android.gms:play-services-measurement:16.4.0] AndroidManifest.xml:44:9-47:40
188            android:name="com.google.android.gms.measurement.AppMeasurementService"
188-->[com.google.android.gms:play-services-measurement:16.4.0] AndroidManifest.xml:45:13-84
189            android:enabled="true"
189-->[com.google.android.gms:play-services-measurement:16.4.0] AndroidManifest.xml:46:13-35
190            android:exported="false" />
190-->[com.google.android.gms:play-services-measurement:16.4.0] AndroidManifest.xml:47:13-37
191        <service
191-->[com.google.android.gms:play-services-measurement:16.4.0] AndroidManifest.xml:48:9-52:72
192            android:name="com.google.android.gms.measurement.AppMeasurementJobService"
192-->[com.google.android.gms:play-services-measurement:16.4.0] AndroidManifest.xml:49:13-87
193            android:enabled="true"
193-->[com.google.android.gms:play-services-measurement:16.4.0] AndroidManifest.xml:50:13-35
194            android:exported="false"
194-->[com.google.android.gms:play-services-measurement:16.4.0] AndroidManifest.xml:51:13-37
195            android:permission="android.permission.BIND_JOB_SERVICE" />
195-->[com.google.android.gms:play-services-measurement:16.4.0] AndroidManifest.xml:52:13-69
196
197        <meta-data
197-->[com.google.android.gms:play-services-basement:16.2.0] AndroidManifest.xml:23:9-25:69
198            android:name="com.google.android.gms.version"
198-->[com.google.android.gms:play-services-basement:16.2.0] AndroidManifest.xml:24:13-58
199            android:value="@integer/google_play_services_version" />
199-->[com.google.android.gms:play-services-basement:16.2.0] AndroidManifest.xml:25:13-66
200        <meta-data
200-->[com.android.support:support-v4:26.1.0] AndroidManifest.xml:26:9-28:38
201            android:name="android.support.VERSION"
201-->[com.android.support:support-v4:26.1.0] AndroidManifest.xml:27:13-51
202            android:value="26.1.0" />
202-->[com.android.support:support-v4:26.1.0] AndroidManifest.xml:28:13-35
203    </application>
204
205</manifest>